This file contains any messages produced by compilers while
running configure, to aid debugging if configure makes a mistake.

It was created by enblend-enfuse configure 4.3-af6cddaed31b, which was
generated by GNU Autoconf 2.69.  Invocation command line was

  $ ./configure --prefix=/home/lynx/Downloads/stitch/enblend/build

## --------- ##
## Platform. ##
## --------- ##

hostname = lynx
uname -m = x86_64
uname -r = 5.0.0-37-generic
uname -s = Linux
uname -v = #40-Ubuntu SMP Thu Nov 14 00:14:01 UTC 2019

/usr/bin/uname -p = x86_64
/bin/uname -X     = unknown

/bin/arch              = x86_64
/usr/bin/arch -k       = unknown
/usr/convex/getsysinfo = unknown
/usr/bin/hostinfo      = unknown
/bin/machine           = unknown
/usr/bin/oslevel       = unknown
/bin/universe          = unknown

PATH: /home/lynx/.yarn/bin
PATH: /home/lynx/.config/yarn/global/node_modules/.bin
PATH: /home/lynx/.local/bin
PATH: /usr/local/sbin
PATH: /usr/local/bin
PATH: /usr/sbin
PATH: /usr/bin
PATH: /sbin
PATH: /bin
PATH: /usr/games
PATH: /usr/local/games
PATH: /snap/bin
PATH: /usr/local/texlive/2018/bin/x86_64-linux
PATH: /home/lynx/bucket
PATH: /home/lynx/问题求解/union_find/linux-x64/
PATH: /home/lynx/fuck_mount/AS/jre/bin


## ----------- ##
## Core tests. ##
## ----------- ##

configure:2548: checking for a BSD-compatible install
configure:2616: result: /usr/bin/install -c
configure:2627: checking whether build environment is sane
configure:2682: result: yes
configure:2831: checking for a thread-safe mkdir -p
configure:2870: result: /usr/bin/mkdir -p
configure:2877: checking for gawk
configure:2907: result: no
configure:2877: checking for mawk
configure:2893: found /usr/bin/mawk
configure:2904: result: mawk
configure:2915: checking whether make sets $(MAKE)
configure:2937: result: yes
configure:2966: checking whether make supports nested variables
configure:2983: result: yes
configure:3120: checking whether make supports nested variables
configure:3137: result: yes
configure:3207: checking for g++
configure:3223: found /usr/bin/g++
configure:3234: result: g++
configure:3261: checking for C++ compiler version
configure:3270: g++ --version >&5
g++ (Ubuntu 8.3.0-6ubuntu1) 8.3.0
Copyright (C) 2018 Free Software Foundation, Inc.
This is free software; see the source for copying conditions.  There is NO
warranty; not even for MERCHANTABILITY or FITNESS FOR A PARTICULAR PURPOSE.

configure:3281: $? = 0
configure:3270: g++ -v >&5
Using built-in specs.
COLLECT_GCC=g++
COLLECT_LTO_WRAPPER=/usr/lib/gcc/x86_64-linux-gnu/8/lto-wrapper
OFFLOAD_TARGET_NAMES=nvptx-none
OFFLOAD_TARGET_DEFAULT=1
Target: x86_64-linux-gnu
Configured with: ../src/configure -v --with-pkgversion='Ubuntu 8.3.0-6ubuntu1' --with-bugurl=file:///usr/share/doc/gcc-8/README.Bugs --enable-languages=c,ada,c++,go,brig,d,fortran,objc,obj-c++ --prefix=/usr --with-gcc-major-version-only --program-suffix=-8 --program-prefix=x86_64-linux-gnu- --enable-shared --enable-linker-build-id --libexecdir=/usr/lib --without-included-gettext --enable-threads=posix --libdir=/usr/lib --enable-nls --enable-bootstrap --enable-clocale=gnu --enable-libstdcxx-debug --enable-libstdcxx-time=yes --with-default-libstdcxx-abi=new --enable-gnu-unique-object --disable-vtable-verify --enable-libmpx --enable-plugin --enable-default-pie --with-system-zlib --with-target-system-zlib --enable-objc-gc=auto --enable-multiarch --disable-werror --with-arch-32=i686 --with-abi=m64 --with-multilib-list=m32,m64,mx32 --enable-multilib --with-tune=generic --enable-offload-targets=nvptx-none --without-cuda-driver --enable-checking=release --build=x86_64-linux-gnu --host=x86_64-linux-gnu --target=x86_64-linux-gnu
Thread model: posix
gcc version 8.3.0 (Ubuntu 8.3.0-6ubuntu1) 
configure:3281: $? = 0
configure:3270: g++ -V >&5
g++: error: unrecognized command line option '-V'
g++: fatal error: no input files
compilation terminated.
configure:3281: $? = 1
configure:3270: g++ -qversion >&5
g++: error: unrecognized command line option '-qversion'; did you mean '--version'?
g++: fatal error: no input files
compilation terminated.
configure:3281: $? = 1
configure:3301: checking whether the C++ compiler works
configure:3323: g++    conftest.cpp  >&5
configure:3327: $? = 0
configure:3375: result: yes
configure:3378: checking for C++ compiler default output file name
configure:3380: result: a.out
configure:3386: checking for suffix of executables
configure:3393: g++ -o conftest    conftest.cpp  >&5
configure:3397: $? = 0
configure:3419: result: 
configure:3441: checking whether we are cross compiling
configure:3449: g++ -o conftest    conftest.cpp  >&5
configure:3453: $? = 0
configure:3460: ./conftest
configure:3464: $? = 0
configure:3452: result: no
configure:3457: checking for suffix of object files
configure:3479: g++ -c   conftest.cpp >&5
configure:3483: $? = 0
configure:3504: result: o
configure:3508: checking whether we are using the GNU C++ compiler
configure:3527: g++ -c   conftest.cpp >&5
configure:3527: $? = 0
configure:3536: result: yes
configure:3545: checking whether g++ accepts -g
configure:3565: g++ -c -g  conftest.cpp >&5
configure:3565: $? = 0
configure:3606: result: yes
configure:3632: checking whether make supports the include directive
configure:3647: make -f confmf.GNU && cat confinc.out
this is the am__doit target
configure:3650: $? = 0
configure:3669: result: yes (GNU style)
configure:3694: checking dependency style of g++
configure:3805: result: gcc3
configure:3828: checking whether g++ supports C++11 features by default
configure:3854: g++ -c -g -O2  conftest.cpp >&5
configure:3854: $? = 0
configure:3861: result: yes
configure:3943: checking whether the compiler supports as_const()
configure:3970: g++ -c -g -O2  conftest.cpp >&5
conftest.cpp: In function 'int main()':
conftest.cpp:21:35: error: 'as_const' is not a member of 'std'
 const std::string& const_s = std::as_const(s)
                                   ^~~~~~~~
conftest.cpp:21:35: note: suggested alternative: 'is_const'
 const std::string& const_s = std::as_const(s)
                                   ^~~~~~~~
                                   is_const
configure:3970: $? = 1
configure: failed program was:
| /* confdefs.h */
| #define PACKAGE_NAME "enblend-enfuse"
| #define PACKAGE_TARNAME "enblend-enfuse"
| #define PACKAGE_VERSION "4.3-af6cddaed31b"
| #define PACKAGE_STRING "enblend-enfuse 4.3-af6cddaed31b"
| #define PACKAGE_BUGREPORT "https://bugs.launchpad.net/enblend"
| #define PACKAGE_URL "http://sourceforge.net/projects/enblend/files/enblend-enfuse/enblend-enfuse-4.3/"
| #define PACKAGE "enblend-enfuse"
| #define VERSION "4.3-af6cddaed31b"
| #define HAVE_CXX11 1
| /* end confdefs.h.  */
| 
| #include <string>
| #include <type_traits>
| #include <utility>
| 
| int
| main ()
| {
| std::string s("foo");
| const std::string& const_s = std::as_const(s)
|   ;
|   return 0;
| }
configure:3984: result: no
configure:4040: checking for gcc
configure:4056: found /usr/bin/gcc
configure:4067: result: gcc
configure:4296: checking for C compiler version
configure:4305: gcc --version >&5
gcc (Ubuntu 8.3.0-6ubuntu1) 8.3.0
Copyright (C) 2018 Free Software Foundation, Inc.
This is free software; see the source for copying conditions.  There is NO
warranty; not even for MERCHANTABILITY or FITNESS FOR A PARTICULAR PURPOSE.

configure:4316: $? = 0
configure:4305: gcc -v >&5
Using built-in specs.
COLLECT_GCC=gcc
COLLECT_LTO_WRAPPER=/usr/lib/gcc/x86_64-linux-gnu/8/lto-wrapper
OFFLOAD_TARGET_NAMES=nvptx-none
OFFLOAD_TARGET_DEFAULT=1
Target: x86_64-linux-gnu
Configured with: ../src/configure -v --with-pkgversion='Ubuntu 8.3.0-6ubuntu1' --with-bugurl=file:///usr/share/doc/gcc-8/README.Bugs --enable-languages=c,ada,c++,go,brig,d,fortran,objc,obj-c++ --prefix=/usr --with-gcc-major-version-only --program-suffix=-8 --program-prefix=x86_64-linux-gnu- --enable-shared --enable-linker-build-id --libexecdir=/usr/lib --without-included-gettext --enable-threads=posix --libdir=/usr/lib --enable-nls --enable-bootstrap --enable-clocale=gnu --enable-libstdcxx-debug --enable-libstdcxx-time=yes --with-default-libstdcxx-abi=new --enable-gnu-unique-object --disable-vtable-verify --enable-libmpx --enable-plugin --enable-default-pie --with-system-zlib --with-target-system-zlib --enable-objc-gc=auto --enable-multiarch --disable-werror --with-arch-32=i686 --with-abi=m64 --with-multilib-list=m32,m64,mx32 --enable-multilib --with-tune=generic --enable-offload-targets=nvptx-none --without-cuda-driver --enable-checking=release --build=x86_64-linux-gnu --host=x86_64-linux-gnu --target=x86_64-linux-gnu
Thread model: posix
gcc version 8.3.0 (Ubuntu 8.3.0-6ubuntu1) 
configure:4316: $? = 0
configure:4305: gcc -V >&5
gcc: error: unrecognized command line option '-V'
gcc: fatal error: no input files
compilation terminated.
configure:4316: $? = 1
configure:4305: gcc -qversion >&5
gcc: error: unrecognized command line option '-qversion'; did you mean '--version'?
gcc: fatal error: no input files
compilation terminated.
configure:4316: $? = 1
configure:4320: checking whether we are using the GNU C compiler
configure:4339: gcc -c   conftest.c >&5
configure:4339: $? = 0
configure:4348: result: yes
configure:4357: checking whether gcc accepts -g
configure:4377: gcc -c -g  conftest.c >&5
configure:4377: $? = 0
configure:4418: result: yes
configure:4435: checking for gcc option to accept ISO C89
configure:4498: gcc  -c -g -O2  conftest.c >&5
configure:4498: $? = 0
configure:4511: result: none needed
configure:4536: checking whether gcc understands -c and -o together
configure:4558: gcc -c conftest.c -o conftest2.o
configure:4561: $? = 0
configure:4558: gcc -c conftest.c -o conftest2.o
configure:4561: $? = 0
configure:4573: result: yes
configure:4592: checking dependency style of gcc
configure:4703: result: gcc3
configure:4761: checking for ar
configure:4777: found /usr/bin/ar
configure:4788: result: ar
configure:4913: checking the archiver (ar) interface
configure:4929: gcc -c -g -O2  conftest.c >&5
configure:4929: $? = 0
configure:4931: ar cru libconftest.a conftest.o >&5
ar: `u' modifier ignored since `D' is the default (see `U')
configure:4934: $? = 0
configure:4933: result: ar
configure:4953: checking for grep that handles long lines and -e
configure:5011: result: /usr/bin/grep
configure:5016: checking for egrep
configure:5078: result: /usr/bin/grep -E
configure:5083: checking for grep that handles long lines and -e
configure:5141: result: /usr/bin/grep
configure:5189: checking for ranlib
configure:5205: found /usr/bin/ranlib
configure:5216: result: ranlib
configure:5238: checking for a sed that does not truncate output
configure:5302: result: /usr/bin/sed
configure:5319: checking how to run the C++ preprocessor
configure:5346: g++ -E  conftest.cpp
configure:5346: $? = 0
configure:5360: g++ -E  conftest.cpp
conftest.cpp:12:10: fatal error: ac_nonexistent.h: No such file or directory
 #include <ac_nonexistent.h>
          ^~~~~~~~~~~~~~~~~~
compilation terminated.
configure:5360: $? = 1
configure: failed program was:
| /* confdefs.h */
| #define PACKAGE_NAME "enblend-enfuse"
| #define PACKAGE_TARNAME "enblend-enfuse"
| #define PACKAGE_VERSION "4.3-af6cddaed31b"
| #define PACKAGE_STRING "enblend-enfuse 4.3-af6cddaed31b"
| #define PACKAGE_BUGREPORT "https://bugs.launchpad.net/enblend"
| #define PACKAGE_URL "http://sourceforge.net/projects/enblend/files/enblend-enfuse/enblend-enfuse-4.3/"
| #define PACKAGE "enblend-enfuse"
| #define VERSION "4.3-af6cddaed31b"
| #define HAVE_CXX11 1
| /* end confdefs.h.  */
| #include <ac_nonexistent.h>
configure:5385: result: g++ -E
configure:5405: g++ -E  conftest.cpp
configure:5405: $? = 0
configure:5419: g++ -E  conftest.cpp
conftest.cpp:12:10: fatal error: ac_nonexistent.h: No such file or directory
 #include <ac_nonexistent.h>
          ^~~~~~~~~~~~~~~~~~
compilation terminated.
configure:5419: $? = 1
configure: failed program was:
| /* confdefs.h */
| #define PACKAGE_NAME "enblend-enfuse"
| #define PACKAGE_TARNAME "enblend-enfuse"
| #define PACKAGE_VERSION "4.3-af6cddaed31b"
| #define PACKAGE_STRING "enblend-enfuse 4.3-af6cddaed31b"
| #define PACKAGE_BUGREPORT "https://bugs.launchpad.net/enblend"
| #define PACKAGE_URL "http://sourceforge.net/projects/enblend/files/enblend-enfuse/enblend-enfuse-4.3/"
| #define PACKAGE "enblend-enfuse"
| #define VERSION "4.3-af6cddaed31b"
| #define HAVE_CXX11 1
| /* end confdefs.h.  */
| #include <ac_nonexistent.h>
configure:5448: checking for ANSI C header files
configure:5468: g++ -c -g -O2  conftest.cpp >&5
configure:5468: $? = 0
configure:5541: g++ -o conftest -g -O2   conftest.cpp  >&5
configure:5541: $? = 0
configure:5541: ./conftest
configure:5541: $? = 0
configure:5552: result: yes
configure:5565: checking for sys/types.h
configure:5565: g++ -c -g -O2  conftest.cpp >&5
configure:5565: $? = 0
configure:5565: result: yes
configure:5565: checking for sys/stat.h
configure:5565: g++ -c -g -O2  conftest.cpp >&5
configure:5565: $? = 0
configure:5565: result: yes
configure:5565: checking for stdlib.h
configure:5565: g++ -c -g -O2  conftest.cpp >&5
configure:5565: $? = 0
configure:5565: result: yes
configure:5565: checking for string.h
configure:5565: g++ -c -g -O2  conftest.cpp >&5
configure:5565: $? = 0
configure:5565: result: yes
configure:5565: checking for memory.h
configure:5565: g++ -c -g -O2  conftest.cpp >&5
configure:5565: $? = 0
configure:5565: result: yes
configure:5565: checking for strings.h
configure:5565: g++ -c -g -O2  conftest.cpp >&5
configure:5565: $? = 0
configure:5565: result: yes
configure:5565: checking for inttypes.h
configure:5565: g++ -c -g -O2  conftest.cpp >&5
configure:5565: $? = 0
configure:5565: result: yes
configure:5565: checking for stdint.h
configure:5565: g++ -c -g -O2  conftest.cpp >&5
configure:5565: $? = 0
configure:5565: result: yes
configure:5565: checking for unistd.h
configure:5565: g++ -c -g -O2  conftest.cpp >&5
configure:5565: $? = 0
configure:5565: result: yes
configure:5577: checking whether byte ordering is bigendian
configure:5592: g++ -c -g -O2  conftest.cpp >&5
conftest.cpp:23:9: error: expected unqualified-id before 'not' token
         not a universal capable compiler
         ^~~
configure:5592: $? = 1
configure: failed program was:
| /* confdefs.h */
| #define PACKAGE_NAME "enblend-enfuse"
| #define PACKAGE_TARNAME "enblend-enfuse"
| #define PACKAGE_VERSION "4.3-af6cddaed31b"
| #define PACKAGE_STRING "enblend-enfuse 4.3-af6cddaed31b"
| #define PACKAGE_BUGREPORT "https://bugs.launchpad.net/enblend"
| #define PACKAGE_URL "http://sourceforge.net/projects/enblend/files/enblend-enfuse/enblend-enfuse-4.3/"
| #define PACKAGE "enblend-enfuse"
| #define VERSION "4.3-af6cddaed31b"
| #define HAVE_CXX11 1
| #define STDC_HEADERS 1
| #define HAVE_SYS_TYPES_H 1
| #define HAVE_SYS_STAT_H 1
| #define HAVE_STDLIB_H 1
| #define HAVE_STRING_H 1
| #define HAVE_MEMORY_H 1
| #define HAVE_STRINGS_H 1
| #define HAVE_INTTYPES_H 1
| #define HAVE_STDINT_H 1
| #define HAVE_UNISTD_H 1
| /* end confdefs.h.  */
| #ifndef __APPLE_CC__
| 	       not a universal capable compiler
| 	     #endif
| 	     typedef int dummy;
| 
configure:5637: g++ -c -g -O2  conftest.cpp >&5
configure:5637: $? = 0
configure:5655: g++ -c -g -O2  conftest.cpp >&5
conftest.cpp: In function 'int main()':
conftest.cpp:29:8: error: 'big' was not declared in this scope
    not big endian
        ^~~
configure:5655: $? = 1
configure: failed program was:
| /* confdefs.h */
| #define PACKAGE_NAME "enblend-enfuse"
| #define PACKAGE_TARNAME "enblend-enfuse"
| #define PACKAGE_VERSION "4.3-af6cddaed31b"
| #define PACKAGE_STRING "enblend-enfuse 4.3-af6cddaed31b"
| #define PACKAGE_BUGREPORT "https://bugs.launchpad.net/enblend"
| #define PACKAGE_URL "http://sourceforge.net/projects/enblend/files/enblend-enfuse/enblend-enfuse-4.3/"
| #define PACKAGE "enblend-enfuse"
| #define VERSION "4.3-af6cddaed31b"
| #define HAVE_CXX11 1
| #define STDC_HEADERS 1
| #define HAVE_SYS_TYPES_H 1
| #define HAVE_SYS_STAT_H 1
| #define HAVE_STDLIB_H 1
| #define HAVE_STRING_H 1
| #define HAVE_MEMORY_H 1
| #define HAVE_STRINGS_H 1
| #define HAVE_INTTYPES_H 1
| #define HAVE_STDINT_H 1
| #define HAVE_UNISTD_H 1
| /* end confdefs.h.  */
| #include <sys/types.h>
| 		#include <sys/param.h>
| 
| int
| main ()
| {
| #if BYTE_ORDER != BIG_ENDIAN
| 		 not big endian
| 		#endif
| 
|   ;
|   return 0;
| }
configure:5783: result: no
configure:5803: checking if on-demand dynamic linking is desired
configure:5811: result: check
configure:5825: checking for on-demand dynamic linking
configure:5840: g++ -o conftest -g -O2  -Wl,--as-needed -Wl,--no-copy-dt-needed-entries  conftest.cpp  >&5
configure:5840: $? = 0
configure:5841: result: yes
configure:5877: checking gperftools/tcmalloc.h usability
configure:5877: g++ -c -g -O2  conftest.cpp >&5
conftest.cpp:55:10: fatal error: gperftools/tcmalloc.h: No such file or directory
 #include <gperftools/tcmalloc.h>
          ^~~~~~~~~~~~~~~~~~~~~~~
compilation terminated.
configure:5877: $? = 1
configure: failed program was:
| /* confdefs.h */
| #define PACKAGE_NAME "enblend-enfuse"
| #define PACKAGE_TARNAME "enblend-enfuse"
| #define PACKAGE_VERSION "4.3-af6cddaed31b"
| #define PACKAGE_STRING "enblend-enfuse 4.3-af6cddaed31b"
| #define PACKAGE_BUGREPORT "https://bugs.launchpad.net/enblend"
| #define PACKAGE_URL "http://sourceforge.net/projects/enblend/files/enblend-enfuse/enblend-enfuse-4.3/"
| #define PACKAGE "enblend-enfuse"
| #define VERSION "4.3-af6cddaed31b"
| #define HAVE_CXX11 1
| #define STDC_HEADERS 1
| #define HAVE_SYS_TYPES_H 1
| #define HAVE_SYS_STAT_H 1
| #define HAVE_STDLIB_H 1
| #define HAVE_STRING_H 1
| #define HAVE_MEMORY_H 1
| #define HAVE_STRINGS_H 1
| #define HAVE_INTTYPES_H 1
| #define HAVE_STDINT_H 1
| #define HAVE_UNISTD_H 1
| /* end confdefs.h.  */
| #include <stdio.h>
| #ifdef HAVE_SYS_TYPES_H
| # include <sys/types.h>
| #endif
| #ifdef HAVE_SYS_STAT_H
| # include <sys/stat.h>
| #endif
| #ifdef STDC_HEADERS
| # include <stdlib.h>
| # include <stddef.h>
| #else
| # ifdef HAVE_STDLIB_H
| #  include <stdlib.h>
| # endif
| #endif
| #ifdef HAVE_STRING_H
| # if !defined STDC_HEADERS && defined HAVE_MEMORY_H
| #  include <memory.h>
| # endif
| # include <string.h>
| #endif
| #ifdef HAVE_STRINGS_H
| # include <strings.h>
| #endif
| #ifdef HAVE_INTTYPES_H
| # include <inttypes.h>
| #endif
| #ifdef HAVE_STDINT_H
| # include <stdint.h>
| #endif
| #ifdef HAVE_UNISTD_H
| # include <unistd.h>
| #endif
| #include <gperftools/tcmalloc.h>
configure:5877: result: no
configure:5877: checking gperftools/tcmalloc.h presence
configure:5877: g++ -E  conftest.cpp
conftest.cpp:22:10: fatal error: gperftools/tcmalloc.h: No such file or directory
 #include <gperftools/tcmalloc.h>
          ^~~~~~~~~~~~~~~~~~~~~~~
compilation terminated.
configure:5877: $? = 1
configure: failed program was:
| /* confdefs.h */
| #define PACKAGE_NAME "enblend-enfuse"
| #define PACKAGE_TARNAME "enblend-enfuse"
| #define PACKAGE_VERSION "4.3-af6cddaed31b"
| #define PACKAGE_STRING "enblend-enfuse 4.3-af6cddaed31b"
| #define PACKAGE_BUGREPORT "https://bugs.launchpad.net/enblend"
| #define PACKAGE_URL "http://sourceforge.net/projects/enblend/files/enblend-enfuse/enblend-enfuse-4.3/"
| #define PACKAGE "enblend-enfuse"
| #define VERSION "4.3-af6cddaed31b"
| #define HAVE_CXX11 1
| #define STDC_HEADERS 1
| #define HAVE_SYS_TYPES_H 1
| #define HAVE_SYS_STAT_H 1
| #define HAVE_STDLIB_H 1
| #define HAVE_STRING_H 1
| #define HAVE_MEMORY_H 1
| #define HAVE_STRINGS_H 1
| #define HAVE_INTTYPES_H 1
| #define HAVE_STDINT_H 1
| #define HAVE_UNISTD_H 1
| /* end confdefs.h.  */
| #include <gperftools/tcmalloc.h>
configure:5877: result: no
configure:5877: checking for gperftools/tcmalloc.h
configure:5877: result: no
configure:5877: checking tcmalloc.h usability
configure:5877: g++ -c -g -O2  conftest.cpp >&5
conftest.cpp:55:10: fatal error: tcmalloc.h: No such file or directory
 #include <tcmalloc.h>
          ^~~~~~~~~~~~
compilation terminated.
configure:5877: $? = 1
configure: failed program was:
| /* confdefs.h */
| #define PACKAGE_NAME "enblend-enfuse"
| #define PACKAGE_TARNAME "enblend-enfuse"
| #define PACKAGE_VERSION "4.3-af6cddaed31b"
| #define PACKAGE_STRING "enblend-enfuse 4.3-af6cddaed31b"
| #define PACKAGE_BUGREPORT "https://bugs.launchpad.net/enblend"
| #define PACKAGE_URL "http://sourceforge.net/projects/enblend/files/enblend-enfuse/enblend-enfuse-4.3/"
| #define PACKAGE "enblend-enfuse"
| #define VERSION "4.3-af6cddaed31b"
| #define HAVE_CXX11 1
| #define STDC_HEADERS 1
| #define HAVE_SYS_TYPES_H 1
| #define HAVE_SYS_STAT_H 1
| #define HAVE_STDLIB_H 1
| #define HAVE_STRING_H 1
| #define HAVE_MEMORY_H 1
| #define HAVE_STRINGS_H 1
| #define HAVE_INTTYPES_H 1
| #define HAVE_STDINT_H 1
| #define HAVE_UNISTD_H 1
| /* end confdefs.h.  */
| #include <stdio.h>
| #ifdef HAVE_SYS_TYPES_H
| # include <sys/types.h>
| #endif
| #ifdef HAVE_SYS_STAT_H
| # include <sys/stat.h>
| #endif
| #ifdef STDC_HEADERS
| # include <stdlib.h>
| # include <stddef.h>
| #else
| # ifdef HAVE_STDLIB_H
| #  include <stdlib.h>
| # endif
| #endif
| #ifdef HAVE_STRING_H
| # if !defined STDC_HEADERS && defined HAVE_MEMORY_H
| #  include <memory.h>
| # endif
| # include <string.h>
| #endif
| #ifdef HAVE_STRINGS_H
| # include <strings.h>
| #endif
| #ifdef HAVE_INTTYPES_H
| # include <inttypes.h>
| #endif
| #ifdef HAVE_STDINT_H
| # include <stdint.h>
| #endif
| #ifdef HAVE_UNISTD_H
| # include <unistd.h>
| #endif
| #include <tcmalloc.h>
configure:5877: result: no
configure:5877: checking tcmalloc.h presence
configure:5877: g++ -E  conftest.cpp
conftest.cpp:22:10: fatal error: tcmalloc.h: No such file or directory
 #include <tcmalloc.h>
          ^~~~~~~~~~~~
compilation terminated.
configure:5877: $? = 1
configure: failed program was:
| /* confdefs.h */
| #define PACKAGE_NAME "enblend-enfuse"
| #define PACKAGE_TARNAME "enblend-enfuse"
| #define PACKAGE_VERSION "4.3-af6cddaed31b"
| #define PACKAGE_STRING "enblend-enfuse 4.3-af6cddaed31b"
| #define PACKAGE_BUGREPORT "https://bugs.launchpad.net/enblend"
| #define PACKAGE_URL "http://sourceforge.net/projects/enblend/files/enblend-enfuse/enblend-enfuse-4.3/"
| #define PACKAGE "enblend-enfuse"
| #define VERSION "4.3-af6cddaed31b"
| #define HAVE_CXX11 1
| #define STDC_HEADERS 1
| #define HAVE_SYS_TYPES_H 1
| #define HAVE_SYS_STAT_H 1
| #define HAVE_STDLIB_H 1
| #define HAVE_STRING_H 1
| #define HAVE_MEMORY_H 1
| #define HAVE_STRINGS_H 1
| #define HAVE_INTTYPES_H 1
| #define HAVE_STDINT_H 1
| #define HAVE_UNISTD_H 1
| /* end confdefs.h.  */
| #include <tcmalloc.h>
configure:5877: result: no
configure:5877: checking for tcmalloc.h
configure:5877: result: no
configure:5950: checking for sqrt in -lm
configure:5975: g++ -o conftest -g -O2  -Wl,--as-needed -Wl,--no-copy-dt-needed-entries  conftest.cpp -lm   >&5
conftest.cpp:29:6: warning: declaration of 'char sqrt()' conflicts with built-in declaration 'double sqrt(double)' [-Wbuiltin-declaration-mismatch]
 char sqrt ();
      ^~~~
configure:5975: $? = 0
configure:5984: result: yes
configure:5996: checking for gzopen in -lz
configure:6021: g++ -o conftest -g -O2  -Wl,--as-needed -Wl,--no-copy-dt-needed-entries  conftest.cpp -lz  -lm  >&5
configure:6021: $? = 0
configure:6030: result: yes
configure:6044: checking for jpeg_finish_compress in -ljpeg
configure:6069: g++ -o conftest -g -O2  -Wl,--as-needed -Wl,--no-copy-dt-needed-entries  conftest.cpp -ljpeg  -lz -lm  >&5
configure:6069: $? = 0
configure:6078: result: yes
configure:6089: checking for png_init_io in -lpng
configure:6114: g++ -o conftest -g -O2  -Wl,--as-needed -Wl,--no-copy-dt-needed-entries  conftest.cpp -lpng  -ljpeg -lz -lm  >&5
configure:6114: $? = 0
configure:6123: result: yes
configure:6134: checking for TIFFOpen in -ltiff
configure:6159: g++ -o conftest -g -O2  -Wl,--as-needed -Wl,--no-copy-dt-needed-entries  conftest.cpp -ltiff  -lpng -ljpeg -lz -lm  >&5
configure:6159: $? = 0
configure:6168: result: yes
configure:6179: checking if OpenEXR is wanted
configure:6243: checking for pkg-config
configure:6261: found /usr/bin/pkg-config
configure:6273: result: /usr/bin/pkg-config
configure:6298: checking pkg-config is at least version 0.9.0
configure:6301: result: yes
configure:6317: checking for OPENEXR
configure:6324: $PKG_CONFIG --exists --print-errors "OpenEXR >= 1.0"
Package OpenEXR was not found in the pkg-config search path.
Perhaps you should add the directory containing `OpenEXR.pc'
to the PKG_CONFIG_PATH environment variable
No package 'OpenEXR' found
configure:6327: $? = 1
configure:6341: $PKG_CONFIG --exists --print-errors "OpenEXR >= 1.0"
Package OpenEXR was not found in the pkg-config search path.
Perhaps you should add the directory containing `OpenEXR.pc'
to the PKG_CONFIG_PATH environment variable
No package 'OpenEXR' found
configure:6344: $? = 1
configure:6358: result: no
No package 'OpenEXR' found
configure:6374: WARNING: "OpenEXR support disabled: " No package 'OpenEXR' found
configure:6406: checking for Vigra import/export-library
configure:6420: g++ -o conftest  -g -O2  -Wl,--as-needed -Wl,--no-copy-dt-needed-entries  conftest.cpp -lvigraimpex  -ltiff -lpng -ljpeg -lz -lm  >&5
configure:6420: $? = 0
configure:6421: result: yes
configure:6430: checking whether Vigra import/export-library is sufficiently recent
configure:6448: g++ -o conftest  -g -O2  -Wl,--as-needed -Wl,--no-copy-dt-needed-entries  conftest.cpp -lvigraimpex  -ltiff -lpng -ljpeg -lz -lm  >&5
configure:6448: $? = 0
configure:6449: result: yes
configure:6469: checking for Exiv2 library
configure:6485: g++ -o conftest  -g -O2  -Wl,--as-needed -Wl,--no-copy-dt-needed-entries  conftest.cpp -lvigraimpex  -ltiff -lpng -ljpeg -lz -lm  -lexiv2 >&5
conftest.cpp:27:10: fatal error: exiv2/image.hpp: No such file or directory
 #include <exiv2/image.hpp>
          ^~~~~~~~~~~~~~~~~
compilation terminated.
configure:6485: $? = 1
configure: failed program was:
| /* confdefs.h */
| #define PACKAGE_NAME "enblend-enfuse"
| #define PACKAGE_TARNAME "enblend-enfuse"
| #define PACKAGE_VERSION "4.3-af6cddaed31b"
| #define PACKAGE_STRING "enblend-enfuse 4.3-af6cddaed31b"
| #define PACKAGE_BUGREPORT "https://bugs.launchpad.net/enblend"
| #define PACKAGE_URL "http://sourceforge.net/projects/enblend/files/enblend-enfuse/enblend-enfuse-4.3/"
| #define PACKAGE "enblend-enfuse"
| #define VERSION "4.3-af6cddaed31b"
| #define HAVE_CXX11 1
| #define STDC_HEADERS 1
| #define HAVE_SYS_TYPES_H 1
| #define HAVE_SYS_STAT_H 1
| #define HAVE_STDLIB_H 1
| #define HAVE_STRING_H 1
| #define HAVE_MEMORY_H 1
| #define HAVE_STRINGS_H 1
| #define HAVE_INTTYPES_H 1
| #define HAVE_STDINT_H 1
| #define HAVE_UNISTD_H 1
| #define HAVE_LIBM 1
| #define HAVE_LIBZ 1
| #define HasJPEG 1
| #define HasPNG 1
| #define HasTIFF 1
| /* end confdefs.h.  */
| #include <exiv2/image.hpp>
| int
| main ()
| {
| Exiv2::Image* image {nullptr};
|                                          image->iptcData();
|   ;
|   return 0;
| }
configure:6493: result: no
configure:6501: checking for support of partially static linking
configure:6516: g++ -o conftest  -g -O2  -Wl,--as-needed -Wl,--no-copy-dt-needed-entries  conftest.cpp -Wl,-Bstatic -lm -Wl,-Bdynamic -lvigraimpex  -ltiff -lpng -ljpeg -lz -lm  >&5
configure:6516: $? = 0
configure:6517: result: yes
configure:6795: checking for cblas_dgemm in -lgslcblas
configure:6820: g++ -o conftest  -g -O2  -Wl,--as-needed -Wl,--no-copy-dt-needed-entries  conftest.cpp -lgslcblas  -lvigraimpex  -ltiff -lpng -ljpeg -lz -lm  >&5
/usr/bin/ld: cannot find -lgslcblas
collect2: error: ld returned 1 exit status
configure:6820: $? = 1
configure: failed program was:
| /* confdefs.h */
| #define PACKAGE_NAME "enblend-enfuse"
| #define PACKAGE_TARNAME "enblend-enfuse"
| #define PACKAGE_VERSION "4.3-af6cddaed31b"
| #define PACKAGE_STRING "enblend-enfuse 4.3-af6cddaed31b"
| #define PACKAGE_BUGREPORT "https://bugs.launchpad.net/enblend"
| #define PACKAGE_URL "http://sourceforge.net/projects/enblend/files/enblend-enfuse/enblend-enfuse-4.3/"
| #define PACKAGE "enblend-enfuse"
| #define VERSION "4.3-af6cddaed31b"
| #define HAVE_CXX11 1
| #define STDC_HEADERS 1
| #define HAVE_SYS_TYPES_H 1
| #define HAVE_SYS_STAT_H 1
| #define HAVE_STDLIB_H 1
| #define HAVE_STRING_H 1
| #define HAVE_MEMORY_H 1
| #define HAVE_STRINGS_H 1
| #define HAVE_INTTYPES_H 1
| #define HAVE_STDINT_H 1
| #define HAVE_UNISTD_H 1
| #define HAVE_LIBM 1
| #define HAVE_LIBZ 1
| #define HasJPEG 1
| #define HasPNG 1
| #define HasTIFF 1
| /* end confdefs.h.  */
| 
| /* Override any GCC internal prototype to avoid an error.
|    Use char because int might match the return type of a GCC
|    builtin and then its argument prototype would still apply.  */
| #ifdef __cplusplus
| extern "C"
| #endif
| char cblas_dgemm ();
| int
| main ()
| {
| return cblas_dgemm ();
|   ;
|   return 0;
| }
configure:6829: result: no
configure:6840: checking for gsl_blas_dgemm in -lgsl
configure:6865: g++ -o conftest  -g -O2  -Wl,--as-needed -Wl,--no-copy-dt-needed-entries  conftest.cpp -lgsl  -lvigraimpex  -ltiff -lpng -ljpeg -lz -lm  >&5
/usr/bin/ld: cannot find -lgsl
collect2: error: ld returned 1 exit status
configure:6865: $? = 1
configure: failed program was:
| /* confdefs.h */
| #define PACKAGE_NAME "enblend-enfuse"
| #define PACKAGE_TARNAME "enblend-enfuse"
| #define PACKAGE_VERSION "4.3-af6cddaed31b"
| #define PACKAGE_STRING "enblend-enfuse 4.3-af6cddaed31b"
| #define PACKAGE_BUGREPORT "https://bugs.launchpad.net/enblend"
| #define PACKAGE_URL "http://sourceforge.net/projects/enblend/files/enblend-enfuse/enblend-enfuse-4.3/"
| #define PACKAGE "enblend-enfuse"
| #define VERSION "4.3-af6cddaed31b"
| #define HAVE_CXX11 1
| #define STDC_HEADERS 1
| #define HAVE_SYS_TYPES_H 1
| #define HAVE_SYS_STAT_H 1
| #define HAVE_STDLIB_H 1
| #define HAVE_STRING_H 1
| #define HAVE_MEMORY_H 1
| #define HAVE_STRINGS_H 1
| #define HAVE_INTTYPES_H 1
| #define HAVE_STDINT_H 1
| #define HAVE_UNISTD_H 1
| #define HAVE_LIBM 1
| #define HAVE_LIBZ 1
| #define HasJPEG 1
| #define HasPNG 1
| #define HasTIFF 1
| /* end confdefs.h.  */
| 
| /* Override any GCC internal prototype to avoid an error.
|    Use char because int might match the return type of a GCC
|    builtin and then its argument prototype would still apply.  */
| #ifdef __cplusplus
| extern "C"
| #endif
| char gsl_blas_dgemm ();
| int
| main ()
| {
| return gsl_blas_dgemm ();
|   ;
|   return 0;
| }
configure:6874: result: no
configure:6885: checking for cmsCreateTransform in -llcms2
configure:6910: g++ -o conftest  -g -O2  -Wl,--as-needed -Wl,--no-copy-dt-needed-entries  conftest.cpp -llcms2  -lvigraimpex  -ltiff -lpng -ljpeg -lz -lm  >&5
/usr/bin/ld: cannot find -llcms2
collect2: error: ld returned 1 exit status
configure:6910: $? = 1
configure: failed program was:
| /* confdefs.h */
| #define PACKAGE_NAME "enblend-enfuse"
| #define PACKAGE_TARNAME "enblend-enfuse"
| #define PACKAGE_VERSION "4.3-af6cddaed31b"
| #define PACKAGE_STRING "enblend-enfuse 4.3-af6cddaed31b"
| #define PACKAGE_BUGREPORT "https://bugs.launchpad.net/enblend"
| #define PACKAGE_URL "http://sourceforge.net/projects/enblend/files/enblend-enfuse/enblend-enfuse-4.3/"
| #define PACKAGE "enblend-enfuse"
| #define VERSION "4.3-af6cddaed31b"
| #define HAVE_CXX11 1
| #define STDC_HEADERS 1
| #define HAVE_SYS_TYPES_H 1
| #define HAVE_SYS_STAT_H 1
| #define HAVE_STDLIB_H 1
| #define HAVE_STRING_H 1
| #define HAVE_MEMORY_H 1
| #define HAVE_STRINGS_H 1
| #define HAVE_INTTYPES_H 1
| #define HAVE_STDINT_H 1
| #define HAVE_UNISTD_H 1
| #define HAVE_LIBM 1
| #define HAVE_LIBZ 1
| #define HasJPEG 1
| #define HasPNG 1
| #define HasTIFF 1
| /* end confdefs.h.  */
| 
| /* Override any GCC internal prototype to avoid an error.
|    Use char because int might match the return type of a GCC
|    builtin and then its argument prototype would still apply.  */
| #ifdef __cplusplus
| extern "C"
| #endif
| char cmsCreateTransform ();
| int
| main ()
| {
| return cmsCreateTransform ();
|   ;
|   return 0;
| }
configure:6919: result: no
configure:6935: checking if malloc debugging is wanted
configure:6966: result: no
configure:6987: checking dlfcn.h usability
configure:6987: g++ -c  -g -O2  conftest.cpp >&5
configure:6987: $? = 0
configure:6987: result: yes
configure:6987: checking dlfcn.h presence
configure:6987: g++ -E  conftest.cpp
configure:6987: $? = 0
configure:6987: result: yes
configure:6987: checking for dlfcn.h
configure:6987: result: yes
configure:6998: checking for library containing dlopen
configure:7029: g++ -o conftest  -g -O2  -Wl,--as-needed -Wl,--no-copy-dt-needed-entries  conftest.cpp -lvigraimpex  -ltiff -lpng -ljpeg -lz -lm  >&5
/usr/bin/ld: /tmp/ccbamnfA.o: in function `main':
/home/lynx/下载/stitch/enblend/conftest.cpp:39: undefined reference to `dlopen'
collect2: error: ld returned 1 exit status
configure:7029: $? = 1
configure: failed program was:
| /* confdefs.h */
| #define PACKAGE_NAME "enblend-enfuse"
| #define PACKAGE_TARNAME "enblend-enfuse"
| #define PACKAGE_VERSION "4.3-af6cddaed31b"
| #define PACKAGE_STRING "enblend-enfuse 4.3-af6cddaed31b"
| #define PACKAGE_BUGREPORT "https://bugs.launchpad.net/enblend"
| #define PACKAGE_URL "http://sourceforge.net/projects/enblend/files/enblend-enfuse/enblend-enfuse-4.3/"
| #define PACKAGE "enblend-enfuse"
| #define VERSION "4.3-af6cddaed31b"
| #define HAVE_CXX11 1
| #define STDC_HEADERS 1
| #define HAVE_SYS_TYPES_H 1
| #define HAVE_SYS_STAT_H 1
| #define HAVE_STDLIB_H 1
| #define HAVE_STRING_H 1
| #define HAVE_MEMORY_H 1
| #define HAVE_STRINGS_H 1
| #define HAVE_INTTYPES_H 1
| #define HAVE_STDINT_H 1
| #define HAVE_UNISTD_H 1
| #define HAVE_LIBM 1
| #define HAVE_LIBZ 1
| #define HasJPEG 1
| #define HasPNG 1
| #define HasTIFF 1
| #define HAVE_DLFCN_H 1
| /* end confdefs.h.  */
| 
| /* Override any GCC internal prototype to avoid an error.
|    Use char because int might match the return type of a GCC
|    builtin and then its argument prototype would still apply.  */
| #ifdef __cplusplus
| extern "C"
| #endif
| char dlopen ();
| int
| main ()
| {
| return dlopen ();
|   ;
|   return 0;
| }
configure:7029: g++ -o conftest  -g -O2  -Wl,--as-needed -Wl,--no-copy-dt-needed-entries  conftest.cpp -ldl  -lvigraimpex  -ltiff -lpng -ljpeg -lz -lm  >&5
configure:7029: $? = 0
configure:7046: result: -ldl
configure:7159: checking for dirent.h that defines DIR
configure:7178: g++ -c  -g -O2  conftest.cpp >&5
configure:7178: $? = 0
configure:7186: result: yes
configure:7199: checking for library containing opendir
configure:7230: g++ -o conftest  -g -O2  -Wl,--as-needed -Wl,--no-copy-dt-needed-entries  conftest.cpp -ldl -lvigraimpex  -ltiff -lpng -ljpeg -lz -lm  >&5
configure:7230: $? = 0
configure:7247: result: none required
configure:7314: checking for ANSI C header files
configure:7418: result: yes
configure:7430: checking fenv.h usability
configure:7430: g++ -c  -g -O2  conftest.cpp >&5
configure:7430: $? = 0
configure:7430: result: yes
configure:7430: checking fenv.h presence
configure:7430: g++ -E  conftest.cpp
configure:7430: $? = 0
configure:7430: result: yes
configure:7430: checking for fenv.h
configure:7430: result: yes
configure:7430: checking limits.h usability
configure:7430: g++ -c  -g -O2  conftest.cpp >&5
configure:7430: $? = 0
configure:7430: result: yes
configure:7430: checking limits.h presence
configure:7430: g++ -E  conftest.cpp
configure:7430: $? = 0
configure:7430: result: yes
configure:7430: checking for limits.h
configure:7430: result: yes
configure:7430: checking for stdlib.h
configure:7430: result: yes
configure:7430: checking for string.h
configure:7430: result: yes
configure:7430: checking for unistd.h
configure:7430: result: yes
configure:7444: checking optional usability
configure:7444: g++ -c  -g -O2  conftest.cpp >&5
configure:7444: $? = 0
configure:7444: result: yes
configure:7444: checking optional presence
configure:7444: g++ -E  conftest.cpp
configure:7444: $? = 0
configure:7444: result: yes
configure:7444: checking for optional
configure:7444: result: yes
configure:7455: checking sys/times.h usability
configure:7455: g++ -c  -g -O2  conftest.cpp >&5
configure:7455: $? = 0
configure:7455: result: yes
configure:7455: checking sys/times.h presence
configure:7455: g++ -E  conftest.cpp
configure:7455: $? = 0
configure:7455: result: yes
configure:7455: checking for sys/times.h
configure:7455: result: yes
configure:7463: checking tiffio.h usability
configure:7463: g++ -c  -g -O2  conftest.cpp >&5
configure:7463: $? = 0
configure:7463: result: yes
configure:7463: checking tiffio.h presence
configure:7463: g++ -E  conftest.cpp
configure:7463: $? = 0
configure:7463: result: yes
configure:7463: checking for tiffio.h
configure:7463: result: yes
configure:7471: checking jpeglib.h usability
configure:7471: g++ -c  -g -O2  conftest.cpp >&5
configure:7471: $? = 0
configure:7471: result: yes
configure:7471: checking jpeglib.h presence
configure:7471: g++ -E  conftest.cpp
configure:7471: $? = 0
configure:7471: result: yes
configure:7471: checking for jpeglib.h
configure:7471: result: yes
configure:7479: checking png.h usability
configure:7479: g++ -c  -g -O2  conftest.cpp >&5
configure:7479: $? = 0
configure:7479: result: yes
configure:7479: checking png.h presence
configure:7479: g++ -E  conftest.cpp
configure:7479: $? = 0
configure:7479: result: yes
configure:7479: checking for png.h
configure:7479: result: yes
configure:7495: checking vigra/basicimage.hxx usability
configure:7495: g++ -c  -g -O2  conftest.cpp >&5
configure:7495: $? = 0
configure:7495: result: yes
configure:7495: checking vigra/basicimage.hxx presence
configure:7495: g++ -E  conftest.cpp
configure:7495: $? = 0
configure:7495: result: yes
configure:7495: checking for vigra/basicimage.hxx
configure:7495: result: yes
configure:7508: checking build system type
configure:7522: result: x86_64-pc-linux-gnu
configure:7542: checking host system type
configure:7555: result: x86_64-pc-linux-gnu
configure:7623: checking for boostlib >= 1.55
configure:7703: g++ -c  -g -O2   conftest.cpp >&5
conftest.cpp:40:14: fatal error: boost/version.hpp: No such file or directory
     #include <boost/version.hpp>
              ^~~~~~~~~~~~~~~~~~~
compilation terminated.
configure:7703: $? = 1
configure: failed program was:
| /* confdefs.h */
| #define PACKAGE_NAME "enblend-enfuse"
| #define PACKAGE_TARNAME "enblend-enfuse"
| #define PACKAGE_VERSION "4.3-af6cddaed31b"
| #define PACKAGE_STRING "enblend-enfuse 4.3-af6cddaed31b"
| #define PACKAGE_BUGREPORT "https://bugs.launchpad.net/enblend"
| #define PACKAGE_URL "http://sourceforge.net/projects/enblend/files/enblend-enfuse/enblend-enfuse-4.3/"
| #define PACKAGE "enblend-enfuse"
| #define VERSION "4.3-af6cddaed31b"
| #define HAVE_CXX11 1
| #define STDC_HEADERS 1
| #define HAVE_SYS_TYPES_H 1
| #define HAVE_SYS_STAT_H 1
| #define HAVE_STDLIB_H 1
| #define HAVE_STRING_H 1
| #define HAVE_MEMORY_H 1
| #define HAVE_STRINGS_H 1
| #define HAVE_INTTYPES_H 1
| #define HAVE_STDINT_H 1
| #define HAVE_UNISTD_H 1
| #define HAVE_LIBM 1
| #define HAVE_LIBZ 1
| #define HasJPEG 1
| #define HasPNG 1
| #define HasTIFF 1
| #define HAVE_DLFCN_H 1
| #define HAVE_DL 1
| #define POSIX_DL 1
| #define HAVE_DIRENT_H 1
| #define STDC_HEADERS 1
| #define HAVE_FENV_H 1
| #define HAVE_LIMITS_H 1
| #define HAVE_STDLIB_H 1
| #define HAVE_STRING_H 1
| #define HAVE_UNISTD_H 1
| #define HAVE_OPTIONAL 1
| #define HAVE_SYS_TIMES_H 1
| /* end confdefs.h.  */
| 
|     #include <boost/version.hpp>
| 
| int
| main ()
| {
| 
|     #if BOOST_VERSION >= 105500
|     // Everything is okay
|     #else
|     #  error Boost version is too old
|     #endif
| 
|   ;
|   return 0;
| }
configure:7809: g++ -c  -g -O2   -I/include/boost-0 conftest.cpp >&5
conftest.cpp:40:18: fatal error: boost/version.hpp: No such file or directory
         #include <boost/version.hpp>
                  ^~~~~~~~~~~~~~~~~~~
compilation terminated.
configure:7809: $? = 1
configure: failed program was:
| /* confdefs.h */
| #define PACKAGE_NAME "enblend-enfuse"
| #define PACKAGE_TARNAME "enblend-enfuse"
| #define PACKAGE_VERSION "4.3-af6cddaed31b"
| #define PACKAGE_STRING "enblend-enfuse 4.3-af6cddaed31b"
| #define PACKAGE_BUGREPORT "https://bugs.launchpad.net/enblend"
| #define PACKAGE_URL "http://sourceforge.net/projects/enblend/files/enblend-enfuse/enblend-enfuse-4.3/"
| #define PACKAGE "enblend-enfuse"
| #define VERSION "4.3-af6cddaed31b"
| #define HAVE_CXX11 1
| #define STDC_HEADERS 1
| #define HAVE_SYS_TYPES_H 1
| #define HAVE_SYS_STAT_H 1
| #define HAVE_STDLIB_H 1
| #define HAVE_STRING_H 1
| #define HAVE_MEMORY_H 1
| #define HAVE_STRINGS_H 1
| #define HAVE_INTTYPES_H 1
| #define HAVE_STDINT_H 1
| #define HAVE_UNISTD_H 1
| #define HAVE_LIBM 1
| #define HAVE_LIBZ 1
| #define HasJPEG 1
| #define HasPNG 1
| #define HasTIFF 1
| #define HAVE_DLFCN_H 1
| #define HAVE_DL 1
| #define POSIX_DL 1
| #define HAVE_DIRENT_H 1
| #define STDC_HEADERS 1
| #define HAVE_FENV_H 1
| #define HAVE_LIMITS_H 1
| #define HAVE_STDLIB_H 1
| #define HAVE_STRING_H 1
| #define HAVE_UNISTD_H 1
| #define HAVE_OPTIONAL 1
| #define HAVE_SYS_TIMES_H 1
| /* end confdefs.h.  */
| 
|         #include <boost/version.hpp>
| 
| int
| main ()
| {
| 
|         #if BOOST_VERSION >= 105500
|         // Everything is okay
|         #else
|         #  error Boost version is too old
|         #endif
| 
|   ;
|   return 0;
| }
configure:7828: We could not detect the boost libraries (version 1.55 or higher). If you have a staged boost library (still not installed) please specify $BOOST_ROOT in your environment and do not give a PATH to --with-boost option.  If you are sure you have boost installed, then check your version number looking in <boost/version.hpp>. See http://randspringer.de/boost for more documentation.
configure:7835: error: Boost version 1.55 or later is required to compile Enblend.

## ---------------- ##
## Cache variables. ##
## ---------------- ##

ac_cv_build=x86_64-pc-linux-gnu
ac_cv_c_bigendian=no
ac_cv_c_compiler_gnu=yes
ac_cv_cxx_compiler_gnu=yes
ac_cv_env_CCC_set=
ac_cv_env_CCC_value=
ac_cv_env_CC_set=
ac_cv_env_CC_value=
ac_cv_env_CFLAGS_set=
ac_cv_env_CFLAGS_value=
ac_cv_env_CPPFLAGS_set=
ac_cv_env_CPPFLAGS_value=
ac_cv_env_CXXCPP_set=
ac_cv_env_CXXCPP_value=
ac_cv_env_CXXFLAGS_set=
ac_cv_env_CXXFLAGS_value=
ac_cv_env_CXX_set=
ac_cv_env_CXX_value=
ac_cv_env_DYNAMIC_TEX_PREAMBLE_set=
ac_cv_env_DYNAMIC_TEX_PREAMBLE_value=
ac_cv_env_LATEX2HTML_LIBDIR_set=
ac_cv_env_LATEX2HTML_LIBDIR_value=
ac_cv_env_LATEX2HTML_set=
ac_cv_env_LATEX2HTML_value=
ac_cv_env_LDFLAGS_set=
ac_cv_env_LDFLAGS_value=
ac_cv_env_LIBS_set=
ac_cv_env_LIBS_value=
ac_cv_env_OPENEXR_CFLAGS_set=
ac_cv_env_OPENEXR_CFLAGS_value=
ac_cv_env_OPENEXR_LIBS_set=
ac_cv_env_OPENEXR_LIBS_value=
ac_cv_env_PKG_CONFIG_LIBDIR_set=
ac_cv_env_PKG_CONFIG_LIBDIR_value=
ac_cv_env_PKG_CONFIG_PATH_set=set
ac_cv_env_PKG_CONFIG_PATH_value=/home/lynx/fuck_mount/opencv_4_1_0/install/lib/pkgconfig:/home/lynx/fuck_mount/opencv_3_4_5/install/lib/pkgconfig
ac_cv_env_PKG_CONFIG_set=
ac_cv_env_PKG_CONFIG_value=
ac_cv_env_VIGRAIMPEX_LIB_set=
ac_cv_env_VIGRAIMPEX_LIB_value=
ac_cv_env_build_alias_set=
ac_cv_env_build_alias_value=
ac_cv_env_host_alias_set=
ac_cv_env_host_alias_value=
ac_cv_env_target_alias_set=
ac_cv_env_target_alias_value=
ac_cv_header_dirent_dirent_h=yes
ac_cv_header_dlfcn_h=yes
ac_cv_header_fenv_h=yes
ac_cv_header_gperftools_tcmalloc_h=no
ac_cv_header_inttypes_h=yes
ac_cv_header_jpeglib_h=yes
ac_cv_header_limits_h=yes
ac_cv_header_memory_h=yes
ac_cv_header_optional=yes
ac_cv_header_png_h=yes
ac_cv_header_stdc=yes
ac_cv_header_stdint_h=yes
ac_cv_header_stdlib_h=yes
ac_cv_header_string_h=yes
ac_cv_header_strings_h=yes
ac_cv_header_sys_stat_h=yes
ac_cv_header_sys_times_h=yes
ac_cv_header_sys_types_h=yes
ac_cv_header_tcmalloc_h=no
ac_cv_header_tiffio_h=yes
ac_cv_header_unistd_h=yes
ac_cv_header_vigra_basicimage_hxx=yes
ac_cv_host=x86_64-pc-linux-gnu
ac_cv_lib_gsl_gsl_blas_dgemm=no
ac_cv_lib_gslcblas_cblas_dgemm=no
ac_cv_lib_jpeg_jpeg_finish_compress=yes
ac_cv_lib_lcms2_cmsCreateTransform=no
ac_cv_lib_m_sqrt=yes
ac_cv_lib_png_png_init_io=yes
ac_cv_lib_tiff_TIFFOpen=yes
ac_cv_lib_z_gzopen=yes
ac_cv_objext=o
ac_cv_path_EGREP='/usr/bin/grep -E'
ac_cv_path_GREP=/usr/bin/grep
ac_cv_path_SED=/usr/bin/sed
ac_cv_path_ac_pt_PKG_CONFIG=/usr/bin/pkg-config
ac_cv_path_install='/usr/bin/install -c'
ac_cv_path_mkdir=/usr/bin/mkdir
ac_cv_prog_AWK=mawk
ac_cv_prog_CXXCPP='g++ -E'
ac_cv_prog_ac_ct_AR=ar
ac_cv_prog_ac_ct_CC=gcc
ac_cv_prog_ac_ct_CXX=g++
ac_cv_prog_ac_ct_RANLIB=ranlib
ac_cv_prog_cc_c89=
ac_cv_prog_cc_g=yes
ac_cv_prog_cxx_g=yes
ac_cv_prog_make_make_set=yes
ac_cv_search_dlopen=-ldl
ac_cv_search_opendir='none required'
am_cv_CC_dependencies_compiler_type=gcc3
am_cv_CXX_dependencies_compiler_type=gcc3
am_cv_ar_interface=ar
am_cv_make_support_nested_variables=yes
am_cv_prog_cc_c_o=yes
ax_cv_cxx_as_const=no
ax_cv_cxx_compile_cxx11=yes

## ----------------- ##
## Output variables. ##
## ----------------- ##

ACLOCAL='${SHELL} /home/lynx/下载/stitch/enblend/missing aclocal-1.16'
AMDEPBACKSLASH='\'
AMDEP_FALSE='#'
AMDEP_TRUE=''
AMTAR='$${TAR-tar}'
AM_BACKSLASH='\'
AM_DEFAULT_V='$(AM_DEFAULT_VERBOSITY)'
AM_DEFAULT_VERBOSITY='1'
AM_V='$(V)'
AR='ar'
AUTOCONF='${SHELL} /home/lynx/下载/stitch/enblend/missing autoconf'
AUTOHEADER='${SHELL} /home/lynx/下载/stitch/enblend/missing autoheader'
AUTOMAKE='${SHELL} /home/lynx/下载/stitch/enblend/missing automake-1.16'
AWK='mawk'
BOOST_CPPFLAGS='-I/include/boost-0'
BOOST_LDFLAGS='-L/lib/x86_64-linux-gnu'
BUILD_DOC_FALSE=''
BUILD_DOC_TRUE=''
CC='gcc'
CCDEPMODE='depmode=gcc3'
CFLAGS=' -g -O2'
CL_CFLAGS=''
CL_LIBS=''
CONVERT=''
CPPFLAGS='  -I/include/boost-0'
CXX='g++'
CXXCPP='g++ -E'
CXXDEPMODE='depmode=gcc3'
CXXFLAGS=' -g -O2'
CYGPATH_W='echo'
DEFS=''
DEPDIR='.deps'
DL_IMPLEMENTATION='libdynamic_loader_a-posix_implementation.o'
DOT=''
DVIPDF=''
DVIPS=''
DYNAMIC_EXPOSURE_WEIGHTS_FALSE='#'
DYNAMIC_EXPOSURE_WEIGHTS_TRUE=''
DYNAMIC_TEX_PREAMBLE=''
ECHO_C=''
ECHO_N='-n'
ECHO_T=''
EGREP='/usr/bin/grep -E'
EXEEXT=''
EXTRA_LIBS=''
GNUPLOT=''
GREP='/usr/bin/grep'
HAVE_CXX11='1'
HAVE_INLINE=''
HELP2MAN=''
INSTALL_DATA='${INSTALL} -m 644'
INSTALL_PROGRAM='${INSTALL}'
INSTALL_SCRIPT='${INSTALL}'
INSTALL_STRIP_PROGRAM='$(install_sh) -c -s'
LATEX2HTML=''
LATEX2HTML_LIBDIR=''
LATEX=''
LDFLAGS='-Wl,--as-needed -Wl,--no-copy-dt-needed-entries   -L/lib/x86_64-linux-gnu'
LIBOBJS=''
LIBS='-ldl -lvigraimpex  -ltiff -lpng -ljpeg -lz -lm '
LTLIBOBJS=''
M4=''
MAKEINDEX=''
MAKEINFO='${SHELL} /home/lynx/下载/stitch/enblend/missing makeinfo'
MKDIR_P='/usr/bin/mkdir -p'
OBJEXT='o'
OPENEXR_CFLAGS=''
OPENEXR_LIBS=''
PACKAGE='enblend-enfuse'
PACKAGE_BUGREPORT='https://bugs.launchpad.net/enblend'
PACKAGE_NAME='enblend-enfuse'
PACKAGE_STRING='enblend-enfuse 4.3-af6cddaed31b'
PACKAGE_TARNAME='enblend-enfuse'
PACKAGE_URL='http://sourceforge.net/projects/enblend/files/enblend-enfuse/enblend-enfuse-4.3/'
PACKAGE_VERSION='4.3-af6cddaed31b'
PATH_SEPARATOR=':'
PDFLATEX=''
PERL=''
PKG_CONFIG='/usr/bin/pkg-config'
PKG_CONFIG_LIBDIR=''
PKG_CONFIG_PATH='/home/lynx/fuck_mount/opencv_4_1_0/install/lib/pkgconfig:/home/lynx/fuck_mount/opencv_3_4_5/install/lib/pkgconfig'
POW_LIB=''
PS2PDF=''
PTHREAD_CC=''
PTHREAD_CFLAGS=''
PTHREAD_LIBS=''
RANLIB='ranlib'
SED='/usr/bin/sed'
SET_MAKE=''
SHELL='/bin/bash'
SPLITHTML=''
STATIC_LIBS=''
STRIP=''
SVGCONVERT=''
TEXLOGANALYSER=''
VERSION='4.3-af6cddaed31b'
VIGRAIMPEX_LIB='-lvigraimpex'
ac_ct_AR='ar'
ac_ct_CC='gcc'
ac_ct_CXX='g++'
am__EXEEXT_FALSE=''
am__EXEEXT_TRUE=''
am__fastdepCC_FALSE='#'
am__fastdepCC_TRUE=''
am__fastdepCXX_FALSE='#'
am__fastdepCXX_TRUE=''
am__include='include'
am__isrc=''
am__leading_dot='.'
am__nodep='_no'
am__quote=''
am__tar='$${TAR-tar} chof - "$$tardir"'
am__untar='$${TAR-tar} xf -'
amsmath=''
ax_pthread_config=''
bindir='${exec_prefix}/bin'
bold_extra=''
boretti_classesansparametre=''
build='x86_64-pc-linux-gnu'
build_alias=''
build_cpu='x86_64'
build_os='linux-gnu'
build_vendor='pc'
color=''
datadir='${datarootdir}'
datarootdir='${prefix}/share'
docdir='${datarootdir}/doc/${PACKAGE_TARNAME}'
dvidir='${docdir}'
enumitem=''
exec_prefix='NONE'
float=''
footnote=''
graphicx=''
host='x86_64-pc-linux-gnu'
host_alias=''
host_cpu='x86_64'
host_os='linux-gnu'
host_vendor='pc'
htmldir='${docdir}'
hyperref=''
hyphenat=''
ifpdf=''
includedir='${prefix}/include'
index=''
infodir='${datarootdir}/info'
install_sh='${SHELL} /home/lynx/下载/stitch/enblend/install-sh'
latex=''
latexsym=''
libdir='${exec_prefix}/lib'
libexecdir='${exec_prefix}/libexec'
listings=''
localedir='${datarootdir}/locale'
localstatedir='${prefix}/var'
mandir='${datarootdir}/man'
microtype=''
mkdir_p='$(MKDIR_P)'
oldincludedir='/usr/include'
pdfdir='${docdir}'
prefix='/home/lynx/Downloads/stitch/enblend/build'
program_transform_name='s,x,x,'
psdir='${docdir}'
ragged2e=''
refrep=''
report=''
runstatedir='${localstatedir}/run'
sbindir='${exec_prefix}/sbin'
sharedstatedir='${prefix}/com'
shorttoc=''
suffix=''
sysconfdir='${prefix}/etc'
target_alias=''
url=''
xstring=''

## ----------- ##
## confdefs.h. ##
## ----------- ##

/* confdefs.h */
#define PACKAGE_NAME "enblend-enfuse"
#define PACKAGE_TARNAME "enblend-enfuse"
#define PACKAGE_VERSION "4.3-af6cddaed31b"
#define PACKAGE_STRING "enblend-enfuse 4.3-af6cddaed31b"
#define PACKAGE_BUGREPORT "https://bugs.launchpad.net/enblend"
#define PACKAGE_URL "http://sourceforge.net/projects/enblend/files/enblend-enfuse/enblend-enfuse-4.3/"
#define PACKAGE "enblend-enfuse"
#define VERSION "4.3-af6cddaed31b"
#define HAVE_CXX11 1
#define STDC_HEADERS 1
#define HAVE_SYS_TYPES_H 1
#define HAVE_SYS_STAT_H 1
#define HAVE_STDLIB_H 1
#define HAVE_STRING_H 1
#define HAVE_MEMORY_H 1
#define HAVE_STRINGS_H 1
#define HAVE_INTTYPES_H 1
#define HAVE_STDINT_H 1
#define HAVE_UNISTD_H 1
#define HAVE_LIBM 1
#define HAVE_LIBZ 1
#define HasJPEG 1
#define HasPNG 1
#define HasTIFF 1
#define HAVE_DLFCN_H 1
#define HAVE_DL 1
#define POSIX_DL 1
#define HAVE_DIRENT_H 1
#define STDC_HEADERS 1
#define HAVE_FENV_H 1
#define HAVE_LIMITS_H 1
#define HAVE_STDLIB_H 1
#define HAVE_STRING_H 1
#define HAVE_UNISTD_H 1
#define HAVE_OPTIONAL 1
#define HAVE_SYS_TIMES_H 1

configure: exit 1
